[0.043s] Invoking command in '/home/madhav/mrt_ws/build/aruco_interfaces': CMAKE_PREFIX_PATH=${CMAKE_PREFIX_PATH}:/home/madhav/mrt_ws/install/madhav_agrawal_assn_2:/home/madhav/mrt_ws/install/imgprocess:/home/madhav/mrt_ws/install/imgpprocess:/home/madhav/erc_ws/install/week1_tutorials:/home/madhav/erc_ws/install/week0_tutorials:/home/madhav/erc_ws/install/sherlock:/opt/ros/humble /usr/bin/cmake --build /home/madhav/mrt_ws/build/aruco_interfaces -- -j12 -l12
[0.063s] -- Found ament_cmake: 1.3.6 (/opt/ros/humble/share/ament_cmake/cmake)
[0.238s] -- Found rosidl_default_generators: 1.2.0 (/opt/ros/humble/share/rosidl_default_generators/cmake)
[0.240s] -- Using all available rosidl_typesupport_c: rosidl_typesupport_fastrtps_c;rosidl_typesupport_introspection_c
[0.243s] -- Found rosidl_adapter: 3.1.5 (/opt/ros/humble/share/rosidl_adapter/cmake)
[0.263s] -- Using all available rosidl_typesupport_cpp: rosidl_typesupport_fastrtps_cpp;rosidl_typesupport_introspection_cpp
[0.278s] -- Found sensor_msgs: 4.2.3 (/opt/ros/humble/share/sensor_msgs/cmake)
[0.605s] [31mCMake Error at /opt/ros/humble/share/rosidl_adapter/cmake/rosidl_adapt_interfaces.cmake:59 (message):
[0.605s]   execute_process(/usr/bin/python3.10 -m rosidl_adapter --package-name
[0.605s]   aruco_interfaces --arguments-file
[0.605s]   /home/madhav/mrt_ws/build/aruco_interfaces/rosidl_adapter__arguments__aruco_interfaces.json
[0.605s]   --output-dir
[0.605s]   /home/madhav/mrt_ws/build/aruco_interfaces/rosidl_adapter/aruco_interfaces
[0.606s]   --output-file
[0.606s]   /home/madhav/mrt_ws/build/aruco_interfaces/rosidl_adapter/aruco_interfaces.idls)
[0.606s]   returned error code 1:
[0.606s] 
[0.606s]   Error processing 'float64[][] data' of
[0.606s]   'aruco_interfaces/Float64MultiArray': ''float64[]' is an invalid message
[0.606s]   name.  It should have the pattern '^[A-Z][A-Za-z0-9]*$''
[0.606s] 
[0.606s]   Traceback (most recent call last):
[0.606s] 
[0.606s]     File "/usr/lib/python3.10/runpy.py", line 196, in _run_module_as_main
[0.607s]       return _run_code(code, main_globals, None,
[0.607s]     File "/usr/lib/python3.10/runpy.py", line 86, in _run_code
[0.607s]       exec(code, run_globals)
[0.607s]     File "/opt/ros/humble/local/lib/python3.10/dist-packages/rosidl_adapter/__main__.py", line 19, in <module>
[0.607s]       sys.exit(main())
[0.607s]     File "/opt/ros/humble/local/lib/python3.10/dist-packages/rosidl_adapter/main.py", line 53, in main
[0.607s]       abs_idl_file = convert_to_idl(
[0.607s]     File "/opt/ros/humble/local/lib/python3.10/dist-packages/rosidl_adapter/__init__.py", line 19, in convert_to_idl
[0.607s]       return convert_msg_to_idl(
[0.607s]     File "/opt/ros/humble/local/lib/python3.10/dist-packages/rosidl_adapter/msg/__init__.py", line 28, in convert_msg_to_idl
[0.608s]       msg = parse_message_string(package_name, input_file.stem, content)
[0.608s]     File "/opt/ros/humble/local/lib/python3.10/dist-packages/rosidl_adapter/parser.py", line 520, in parse_message_string
[0.608s]       Type(type_string, context_package_name=pkg_name),
[0.608s]     File "/opt/ros/humble/local/lib/python3.10/dist-packages/rosidl_adapter/parser.py", line 277, in __init__
[0.608s]       super(Type, self).__init__(
[0.608s]     File "/opt/ros/humble/local/lib/python3.10/dist-packages/rosidl_adapter/parser.py", line 205, in __init__
[0.608s]       raise InvalidResourceName(
[0.608s] 
[0.608s]   rosidl_adapter.parser.InvalidResourceName: 'float64[]' is an invalid
[0.608s]   message name.  It should have the pattern '^[A-Z][A-Za-z0-9]*$'
[0.609s] 
[0.609s] Call Stack (most recent call first):
[0.609s]   /opt/ros/humble/share/rosidl_cmake/cmake/rosidl_generate_interfaces.cmake:130 (rosidl_adapt_interfaces)
[0.609s]   CMakeLists.txt:17 (rosidl_generate_interfaces)
[0.609s] 
[0.609s] [0m
[0.609s] -- Configuring incomplete, errors occurred!
[0.609s] See also "/home/madhav/mrt_ws/build/aruco_interfaces/CMakeFiles/CMakeOutput.log".
[0.612s] gmake: *** [Makefile:1395: cmake_check_build_system] Error 1
[0.617s] Invoked command in '/home/madhav/mrt_ws/build/aruco_interfaces' returned '2': CMAKE_PREFIX_PATH=${CMAKE_PREFIX_PATH}:/home/madhav/mrt_ws/install/madhav_agrawal_assn_2:/home/madhav/mrt_ws/install/imgprocess:/home/madhav/mrt_ws/install/imgpprocess:/home/madhav/erc_ws/install/week1_tutorials:/home/madhav/erc_ws/install/week0_tutorials:/home/madhav/erc_ws/install/sherlock:/opt/ros/humble /usr/bin/cmake --build /home/madhav/mrt_ws/build/aruco_interfaces -- -j12 -l12
