[0.049s] Invoking command in '/home/madhav/mrt_ws/build/aruco_interfaces': CMAKE_PREFIX_PATH=${CMAKE_PREFIX_PATH}:/home/madhav/mrt_ws/install/aruco_markers:/home/madhav/erc_ws/install/week1_tutorials:/home/madhav/erc_ws/install/week0_tutorials:/home/madhav/erc_ws/install/sherlock:/opt/ros/humble /usr/bin/cmake --build /home/madhav/mrt_ws/build/aruco_interfaces -- -j12 -l12
[0.085s] -- Found ament_cmake: 1.3.6 (/opt/ros/humble/share/ament_cmake/cmake)
[0.274s] -- Found rosidl_default_generators: 1.2.0 (/opt/ros/humble/share/rosidl_default_generators/cmake)
[0.279s] -- Using all available rosidl_typesupport_c: rosidl_typesupport_fastrtps_c;rosidl_typesupport_introspection_c
[0.284s] -- Found rosidl_adapter: 3.1.5 (/opt/ros/humble/share/rosidl_adapter/cmake)
[0.333s] -- Using all available rosidl_typesupport_cpp: rosidl_typesupport_fastrtps_cpp;rosidl_typesupport_introspection_cpp
[0.375s] -- Found sensor_msgs: 4.2.3 (/opt/ros/humble/share/sensor_msgs/cmake)
[0.725s] [31mCMake Error at /opt/ros/humble/share/rosidl_adapter/cmake/rosidl_adapt_interfaces.cmake:59 (message):
[0.725s]   execute_process(/usr/bin/python3.10 -m rosidl_adapter --package-name
[0.725s]   aruco_interfaces --arguments-file
[0.725s]   /home/madhav/mrt_ws/build/aruco_interfaces/rosidl_adapter__arguments__aruco_interfaces.json
[0.726s]   --output-dir
[0.726s]   /home/madhav/mrt_ws/build/aruco_interfaces/rosidl_adapter/aruco_interfaces
[0.726s]   --output-file
[0.726s]   /home/madhav/mrt_ws/build/aruco_interfaces/rosidl_adapter/aruco_interfaces.idls)
[0.726s]   returned error code 1:
[0.726s] 
[0.726s]   Error processing 'int4[] ids' of 'aruco_interfaces/Tagid_Response': ''int4'
[0.726s]   is an invalid message name.  It should have the pattern
[0.726s]   '^[A-Z][A-Za-z0-9]*$''
[0.726s] 
[0.726s]   Traceback (most recent call last):
[0.726s] 
[0.726s]     File "/usr/lib/python3.10/runpy.py", line 196, in _run_module_as_main
[0.726s]       return _run_code(code, main_globals, None,
[0.726s]     File "/usr/lib/python3.10/runpy.py", line 86, in _run_code
[0.726s]       exec(code, run_globals)
[0.726s]     File "/opt/ros/humble/local/lib/python3.10/dist-packages/rosidl_adapter/__main__.py", line 19, in <module>
[0.726s]       sys.exit(main())
[0.726s]     File "/opt/ros/humble/local/lib/python3.10/dist-packages/rosidl_adapter/main.py", line 53, in main
[0.726s]       abs_idl_file = convert_to_idl(
[0.726s]     File "/opt/ros/humble/local/lib/python3.10/dist-packages/rosidl_adapter/__init__.py", line 24, in convert_to_idl
[0.726s]       return convert_srv_to_idl(
[0.726s]     File "/opt/ros/humble/local/lib/python3.10/dist-packages/rosidl_adapter/srv/__init__.py", line 28, in convert_srv_to_idl
[0.726s]       srv = parse_service_string(package_name, input_file.stem, content)
[0.726s]     File "/opt/ros/humble/local/lib/python3.10/dist-packages/rosidl_adapter/parser.py", line 863, in parse_service_string
[0.726s]       response_message = parse_message_string(
[0.726s]     File "/opt/ros/humble/local/lib/python3.10/dist-packages/rosidl_adapter/parser.py", line 520, in parse_message_string
[0.726s]       Type(type_string, context_package_name=pkg_name),
[0.726s]     File "/opt/ros/humble/local/lib/python3.10/dist-packages/rosidl_adapter/parser.py", line 277, in __init__
[0.726s]       super(Type, self).__init__(
[0.726s]     File "/opt/ros/humble/local/lib/python3.10/dist-packages/rosidl_adapter/parser.py", line 205, in __init__
[0.726s]       raise InvalidResourceName(
[0.726s] 
[0.726s]   rosidl_adapter.parser.InvalidResourceName: 'int4' is an invalid message
[0.726s]   name.  It should have the pattern '^[A-Z][A-Za-z0-9]*$'
[0.726s] 
[0.726s] Call Stack (most recent call first):
[0.727s]   /opt/ros/humble/share/rosidl_cmake/cmake/rosidl_generate_interfaces.cmake:130 (rosidl_adapt_interfaces)
[0.727s]   CMakeLists.txt:17 (rosidl_generate_interfaces)
[0.727s] 
[0.727s] [0m
[0.727s] -- Configuring incomplete, errors occurred!
[0.727s] See also "/home/madhav/mrt_ws/build/aruco_interfaces/CMakeFiles/CMakeOutput.log".
[0.729s] gmake: *** [Makefile:1395: cmake_check_build_system] Error 1
[0.731s] Invoked command in '/home/madhav/mrt_ws/build/aruco_interfaces' returned '2': CMAKE_PREFIX_PATH=${CMAKE_PREFIX_PATH}:/home/madhav/mrt_ws/install/aruco_markers:/home/madhav/erc_ws/install/week1_tutorials:/home/madhav/erc_ws/install/week0_tutorials:/home/madhav/erc_ws/install/sherlock:/opt/ros/humble /usr/bin/cmake --build /home/madhav/mrt_ws/build/aruco_interfaces -- -j12 -l12
