[0.042s] Invoking command in '/home/madhav/mrt_ws/build/aruco_interfaces': CMAKE_PREFIX_PATH=${CMAKE_PREFIX_PATH}:/home/madhav/mrt_ws/install/madhav_agrawal_assn_2:/home/madhav/mrt_ws/install/imgprocess:/home/madhav/mrt_ws/install/imgpprocess:/home/madhav/erc_ws/install/week1_tutorials:/home/madhav/erc_ws/install/week0_tutorials:/home/madhav/erc_ws/install/sherlock:/opt/ros/humble /usr/bin/cmake --build /home/madhav/mrt_ws/build/aruco_interfaces -- -j12 -l12
[0.062s] -- Found ament_cmake: 1.3.6 (/opt/ros/humble/share/ament_cmake/cmake)
[0.235s] -- Found rosidl_default_generators: 1.2.0 (/opt/ros/humble/share/rosidl_default_generators/cmake)
[0.238s] -- Using all available rosidl_typesupport_c: rosidl_typesupport_fastrtps_c;rosidl_typesupport_introspection_c
[0.241s] -- Found rosidl_adapter: 3.1.5 (/opt/ros/humble/share/rosidl_adapter/cmake)
[0.277s] -- Using all available rosidl_typesupport_cpp: rosidl_typesupport_fastrtps_cpp;rosidl_typesupport_introspection_cpp
[0.307s] -- Found sensor_msgs: 4.2.3 (/opt/ros/humble/share/sensor_msgs/cmake)
[0.634s] [31mCMake Error at /opt/ros/humble/share/rosidl_adapter/cmake/rosidl_adapt_interfaces.cmake:59 (message):
[0.634s]   execute_process(/usr/bin/python3.10 -m rosidl_adapter --package-name
[0.634s]   aruco_interfaces --arguments-file
[0.634s]   /home/madhav/mrt_ws/build/aruco_interfaces/rosidl_adapter__arguments__aruco_interfaces.json
[0.634s]   --output-dir
[0.634s]   /home/madhav/mrt_ws/build/aruco_interfaces/rosidl_adapter/aruco_interfaces
[0.634s]   --output-file
[0.634s]   /home/madhav/mrt_ws/build/aruco_interfaces/rosidl_adapter/aruco_interfaces.idls)
[0.634s]   returned error code 1:
[0.634s] 
[0.634s]   Error processing 'sensor_msgs/Image Image' of
[0.635s]   'aruco_interfaces/Tagid_Request': ''Image' is an invalid field name.  It
[0.635s]   should have the pattern '^(?!.*__)(?!.*_$)[a-z][a-z0-9_]*$''
[0.635s] 
[0.635s]   Traceback (most recent call last):
[0.635s] 
[0.635s]     File "/usr/lib/python3.10/runpy.py", line 196, in _run_module_as_main
[0.635s]       return _run_code(code, main_globals, None,
[0.635s]     File "/usr/lib/python3.10/runpy.py", line 86, in _run_code
[0.635s]       exec(code, run_globals)
[0.635s]     File "/opt/ros/humble/local/lib/python3.10/dist-packages/rosidl_adapter/__main__.py", line 19, in <module>
[0.635s]       sys.exit(main())
[0.635s]     File "/opt/ros/humble/local/lib/python3.10/dist-packages/rosidl_adapter/main.py", line 53, in main
[0.635s]       abs_idl_file = convert_to_idl(
[0.635s]     File "/opt/ros/humble/local/lib/python3.10/dist-packages/rosidl_adapter/__init__.py", line 24, in convert_to_idl
[0.636s]       return convert_srv_to_idl(
[0.636s]     File "/opt/ros/humble/local/lib/python3.10/dist-packages/rosidl_adapter/srv/__init__.py", line 28, in convert_srv_to_idl
[0.636s]       srv = parse_service_string(package_name, input_file.stem, content)
[0.636s]     File "/opt/ros/humble/local/lib/python3.10/dist-packages/rosidl_adapter/parser.py", line 859, in parse_service_string
[0.636s]       request_message = parse_message_string(
[0.636s]     File "/opt/ros/humble/local/lib/python3.10/dist-packages/rosidl_adapter/parser.py", line 519, in parse_message_string
[0.636s]       fields.append(Field(
[0.636s]     File "/opt/ros/humble/local/lib/python3.10/dist-packages/rosidl_adapter/parser.py", line 354, in __init__
[0.636s]       raise NameError(
[0.636s] 
[0.636s]   NameError: 'Image' is an invalid field name.  It should have the pattern
[0.636s]   '^(?!.*__)(?!.*_$)[a-z][a-z0-9_]*$'
[0.636s] 
[0.637s] Call Stack (most recent call first):
[0.637s]   /opt/ros/humble/share/rosidl_cmake/cmake/rosidl_generate_interfaces.cmake:130 (rosidl_adapt_interfaces)
[0.637s]   CMakeLists.txt:17 (rosidl_generate_interfaces)
[0.637s] 
[0.637s] [0m
[0.637s] -- Configuring incomplete, errors occurred!
[0.637s] See also "/home/madhav/mrt_ws/build/aruco_interfaces/CMakeFiles/CMakeOutput.log".
[0.638s] gmake: *** [Makefile:1395: cmake_check_build_system] Error 1
[0.643s] Invoked command in '/home/madhav/mrt_ws/build/aruco_interfaces' returned '2': CMAKE_PREFIX_PATH=${CMAKE_PREFIX_PATH}:/home/madhav/mrt_ws/install/madhav_agrawal_assn_2:/home/madhav/mrt_ws/install/imgprocess:/home/madhav/mrt_ws/install/imgpprocess:/home/madhav/erc_ws/install/week1_tutorials:/home/madhav/erc_ws/install/week0_tutorials:/home/madhav/erc_ws/install/sherlock:/opt/ros/humble /usr/bin/cmake --build /home/madhav/mrt_ws/build/aruco_interfaces -- -j12 -l12
