[0.045s] Invoking command in '/home/madhav/mrt_ws/build/aruco_interfaces': CMAKE_PREFIX_PATH=${CMAKE_PREFIX_PATH}:/home/madhav/mrt_ws/install/madhav_agrawal_assn_2:/home/madhav/mrt_ws/install/imgprocess:/home/madhav/mrt_ws/install/imgpprocess:/home/madhav/erc_ws/install/week1_tutorials:/home/madhav/erc_ws/install/week0_tutorials:/home/madhav/erc_ws/install/sherlock:/opt/ros/humble /usr/bin/cmake --build /home/madhav/mrt_ws/build/aruco_interfaces -- -j12 -l12
[0.060s] -- Found ament_cmake: 1.3.6 (/opt/ros/humble/share/ament_cmake/cmake)
[0.218s] -- Found rosidl_default_generators: 1.2.0 (/opt/ros/humble/share/rosidl_default_generators/cmake)
[0.221s] -- Using all available rosidl_typesupport_c: rosidl_typesupport_fastrtps_c;rosidl_typesupport_introspection_c
[0.224s] -- Found rosidl_adapter: 3.1.5 (/opt/ros/humble/share/rosidl_adapter/cmake)
[0.262s] -- Using all available rosidl_typesupport_cpp: rosidl_typesupport_fastrtps_cpp;rosidl_typesupport_introspection_cpp
[0.292s] -- Found sensor_msgs: 4.2.3 (/opt/ros/humble/share/sensor_msgs/cmake)
[0.599s] [31mCMake Error at /opt/ros/humble/share/rosidl_adapter/cmake/rosidl_adapt_interfaces.cmake:59 (message):
[0.599s]   execute_process(/usr/bin/python3.10 -m rosidl_adapter --package-name
[0.599s]   aruco_interfaces --arguments-file
[0.599s]   /home/madhav/mrt_ws/build/aruco_interfaces/rosidl_adapter__arguments__aruco_interfaces.json
[0.600s]   --output-dir
[0.600s]   /home/madhav/mrt_ws/build/aruco_interfaces/rosidl_adapter/aruco_interfaces
[0.600s]   --output-file
[0.600s]   /home/madhav/mrt_ws/build/aruco_interfaces/rosidl_adapter/aruco_interfaces.idls)
[0.600s]   returned error code 1:
[0.600s] 
[0.600s]   Error processing 'float64[[]] data' of
[0.600s]   'aruco_interfaces/Float64MultiArray': 'the size of array type '<=' must be
[0.600s]   a valid integer value > 0 optionally prefixed with 'float64[[]]' if it is
[0.600s]   only an upper bound'
[0.600s] 
[0.600s]   Traceback (most recent call last):
[0.600s] 
[0.601s]     File "/opt/ros/humble/local/lib/python3.10/dist-packages/rosidl_adapter/parser.py", line 268, in __init__
[0.601s]       self.array_size = int(array_size_string)
[0.601s] 
[0.601s]   ValueError: invalid literal for int() with base 10: ']'
[0.601s] 
[0.601s]   
[0.601s] 
[0.601s]   During handling of the above exception, another exception occurred:
[0.601s] 
[0.601s]   
[0.602s] 
[0.602s]   Traceback (most recent call last):
[0.602s] 
[0.602s]     File "/usr/lib/python3.10/runpy.py", line 196, in _run_module_as_main
[0.602s]       return _run_code(code, main_globals, None,
[0.602s]     File "/usr/lib/python3.10/runpy.py", line 86, in _run_code
[0.602s]       exec(code, run_globals)
[0.602s]     File "/opt/ros/humble/local/lib/python3.10/dist-packages/rosidl_adapter/__main__.py", line 19, in <module>
[0.602s]       sys.exit(main())
[0.602s]     File "/opt/ros/humble/local/lib/python3.10/dist-packages/rosidl_adapter/main.py", line 53, in main
[0.602s]       abs_idl_file = convert_to_idl(
[0.603s]     File "/opt/ros/humble/local/lib/python3.10/dist-packages/rosidl_adapter/__init__.py", line 19, in convert_to_idl
[0.603s]       return convert_msg_to_idl(
[0.603s]     File "/opt/ros/humble/local/lib/python3.10/dist-packages/rosidl_adapter/msg/__init__.py", line 28, in convert_msg_to_idl
[0.603s]       msg = parse_message_string(package_name, input_file.stem, content)
[0.603s]     File "/opt/ros/humble/local/lib/python3.10/dist-packages/rosidl_adapter/parser.py", line 520, in parse_message_string
[0.603s]       Type(type_string, context_package_name=pkg_name),
[0.603s]     File "/opt/ros/humble/local/lib/python3.10/dist-packages/rosidl_adapter/parser.py", line 270, in __init__
[0.603s]       raise ex
[0.603s] 
[0.603s]   TypeError: the size of array type '<=' must be a valid integer value > 0
[0.604s]   optionally prefixed with 'float64[[]]' if it is only an upper bound
[0.604s] 
[0.604s] Call Stack (most recent call first):
[0.604s]   /opt/ros/humble/share/rosidl_cmake/cmake/rosidl_generate_interfaces.cmake:130 (rosidl_adapt_interfaces)
[0.604s]   CMakeLists.txt:17 (rosidl_generate_interfaces)
[0.604s] 
[0.604s] [0m
[0.604s] -- Configuring incomplete, errors occurred!
[0.605s] See also "/home/madhav/mrt_ws/build/aruco_interfaces/CMakeFiles/CMakeOutput.log".
[0.605s] gmake: *** [Makefile:1395: cmake_check_build_system] Error 1
[0.606s] Invoked command in '/home/madhav/mrt_ws/build/aruco_interfaces' returned '2': CMAKE_PREFIX_PATH=${CMAKE_PREFIX_PATH}:/home/madhav/mrt_ws/install/madhav_agrawal_assn_2:/home/madhav/mrt_ws/install/imgprocess:/home/madhav/mrt_ws/install/imgpprocess:/home/madhav/erc_ws/install/week1_tutorials:/home/madhav/erc_ws/install/week0_tutorials:/home/madhav/erc_ws/install/sherlock:/opt/ros/humble /usr/bin/cmake --build /home/madhav/mrt_ws/build/aruco_interfaces -- -j12 -l12
