[0.042s] Invoking command in '/home/madhav/mrt_ws/build/aruco_interfaces': CMAKE_PREFIX_PATH=${CMAKE_PREFIX_PATH}:/home/madhav/mrt_ws/install/madhav_agrawal_assn_2:/home/madhav/mrt_ws/install/imgprocess:/home/madhav/mrt_ws/install/imgpprocess:/home/madhav/erc_ws/install/week1_tutorials:/home/madhav/erc_ws/install/week0_tutorials:/home/madhav/erc_ws/install/sherlock:/opt/ros/humble /usr/bin/cmake --build /home/madhav/mrt_ws/build/aruco_interfaces -- -j12 -l12
[0.061s] -- Found ament_cmake: 1.3.6 (/opt/ros/humble/share/ament_cmake/cmake)
[0.210s] -- Found rosidl_default_generators: 1.2.0 (/opt/ros/humble/share/rosidl_default_generators/cmake)
[0.213s] -- Using all available rosidl_typesupport_c: rosidl_typesupport_fastrtps_c;rosidl_typesupport_introspection_c
[0.216s] -- Found rosidl_adapter: 3.1.5 (/opt/ros/humble/share/rosidl_adapter/cmake)
[0.254s] -- Using all available rosidl_typesupport_cpp: rosidl_typesupport_fastrtps_cpp;rosidl_typesupport_introspection_cpp
[0.283s] -- Found sensor_msgs: 4.2.3 (/opt/ros/humble/share/sensor_msgs/cmake)
[0.596s] [31mCMake Error at /opt/ros/humble/share/rosidl_adapter/cmake/rosidl_adapt_interfaces.cmake:59 (message):
[0.596s]   execute_process(/usr/bin/python3.10 -m rosidl_adapter --package-name
[0.596s]   aruco_interfaces --arguments-file
[0.596s]   /home/madhav/mrt_ws/build/aruco_interfaces/rosidl_adapter__arguments__aruco_interfaces.json
[0.596s]   --output-dir
[0.596s]   /home/madhav/mrt_ws/build/aruco_interfaces/rosidl_adapter/aruco_interfaces
[0.596s]   --output-file
[0.596s]   /home/madhav/mrt_ws/build/aruco_interfaces/rosidl_adapter/aruco_interfaces.idls)
[0.596s]   returned error code 1:
[0.596s] 
[0.596s]   Error processing 'float64[] Data2' of 'aruco_interfaces/Float64MultiArray':
[0.596s]   ''Data2' is an invalid field name.  It should have the pattern
[0.596s]   '^(?!.*__)(?!.*_$)[a-z][a-z0-9_]*$''
[0.596s] 
[0.597s]   Traceback (most recent call last):
[0.597s] 
[0.597s]     File "/usr/lib/python3.10/runpy.py", line 196, in _run_module_as_main
[0.597s]       return _run_code(code, main_globals, None,
[0.597s]     File "/usr/lib/python3.10/runpy.py", line 86, in _run_code
[0.597s]       exec(code, run_globals)
[0.597s]     File "/opt/ros/humble/local/lib/python3.10/dist-packages/rosidl_adapter/__main__.py", line 19, in <module>
[0.597s]       sys.exit(main())
[0.597s]     File "/opt/ros/humble/local/lib/python3.10/dist-packages/rosidl_adapter/main.py", line 53, in main
[0.597s]       abs_idl_file = convert_to_idl(
[0.597s]     File "/opt/ros/humble/local/lib/python3.10/dist-packages/rosidl_adapter/__init__.py", line 19, in convert_to_idl
[0.597s]       return convert_msg_to_idl(
[0.597s]     File "/opt/ros/humble/local/lib/python3.10/dist-packages/rosidl_adapter/msg/__init__.py", line 28, in convert_msg_to_idl
[0.598s]       msg = parse_message_string(package_name, input_file.stem, content)
[0.598s]     File "/opt/ros/humble/local/lib/python3.10/dist-packages/rosidl_adapter/parser.py", line 519, in parse_message_string
[0.598s]       fields.append(Field(
[0.598s]     File "/opt/ros/humble/local/lib/python3.10/dist-packages/rosidl_adapter/parser.py", line 354, in __init__
[0.598s]       raise NameError(
[0.598s] 
[0.598s]   NameError: 'Data2' is an invalid field name.  It should have the pattern
[0.598s]   '^(?!.*__)(?!.*_$)[a-z][a-z0-9_]*$'
[0.598s] 
[0.598s] Call Stack (most recent call first):
[0.598s]   /opt/ros/humble/share/rosidl_cmake/cmake/rosidl_generate_interfaces.cmake:130 (rosidl_adapt_interfaces)
[0.599s]   CMakeLists.txt:17 (rosidl_generate_interfaces)
[0.599s] 
[0.599s] [0m
[0.599s] -- Configuring incomplete, errors occurred!
[0.599s] See also "/home/madhav/mrt_ws/build/aruco_interfaces/CMakeFiles/CMakeOutput.log".
[0.600s] gmake: *** [Makefile:1395: cmake_check_build_system] Error 1
[0.604s] Invoked command in '/home/madhav/mrt_ws/build/aruco_interfaces' returned '2': CMAKE_PREFIX_PATH=${CMAKE_PREFIX_PATH}:/home/madhav/mrt_ws/install/madhav_agrawal_assn_2:/home/madhav/mrt_ws/install/imgprocess:/home/madhav/mrt_ws/install/imgpprocess:/home/madhav/erc_ws/install/week1_tutorials:/home/madhav/erc_ws/install/week0_tutorials:/home/madhav/erc_ws/install/sherlock:/opt/ros/humble /usr/bin/cmake --build /home/madhav/mrt_ws/build/aruco_interfaces -- -j12 -l12
