[0.043s] Invoking command in '/home/madhav/mrt_ws/build/aruco_interfaces': CMAKE_PREFIX_PATH=${CMAKE_PREFIX_PATH}:/home/madhav/mrt_ws/install/madhav_agrawal_assn_2:/home/madhav/mrt_ws/install/imgprocess:/home/madhav/mrt_ws/install/imgpprocess:/home/madhav/erc_ws/install/week1_tutorials:/home/madhav/erc_ws/install/week0_tutorials:/home/madhav/erc_ws/install/sherlock:/opt/ros/humble /usr/bin/cmake --build /home/madhav/mrt_ws/build/aruco_interfaces -- -j12 -l12
[0.061s] -- Found ament_cmake: 1.3.6 (/opt/ros/humble/share/ament_cmake/cmake)
[0.227s] -- Found rosidl_default_generators: 1.2.0 (/opt/ros/humble/share/rosidl_default_generators/cmake)
[0.229s] -- Using all available rosidl_typesupport_c: rosidl_typesupport_fastrtps_c;rosidl_typesupport_introspection_c
[0.233s] -- Found rosidl_adapter: 3.1.5 (/opt/ros/humble/share/rosidl_adapter/cmake)
[0.270s] -- Using all available rosidl_typesupport_cpp: rosidl_typesupport_fastrtps_cpp;rosidl_typesupport_introspection_cpp
[0.292s] -- Found sensor_msgs: 4.2.3 (/opt/ros/humble/share/sensor_msgs/cmake)
[0.745s] -- Found ament_cmake_ros: 0.10.0 (/opt/ros/humble/share/ament_cmake_ros/cmake)
[1.063s] -- Using all available rosidl_typesupport_c: rosidl_typesupport_fastrtps_c;rosidl_typesupport_introspection_c
[1.485s] -- Using all available rosidl_typesupport_cpp: rosidl_typesupport_fastrtps_cpp;rosidl_typesupport_introspection_cpp
[1.512s] -- Found python_cmake_module: 0.10.0 (/opt/ros/humble/share/python_cmake_module/cmake)
[1.538s] -- Using PYTHON_EXECUTABLE: /usr/bin/python3
[1.538s] -- Using PYTHON_INCLUDE_DIRS: /usr/include/python3.10
[1.538s] -- Using PYTHON_LIBRARIES: /usr/lib/x86_64-linux-gnu/libpython3.10.so
[1.596s] -- Found ament_lint_auto: 0.12.9 (/opt/ros/humble/share/ament_lint_auto/cmake)
[1.605s] -- Added test 'lint_cmake' to check CMake code style
[1.606s] -- Added test 'xmllint' to check XML markup files
[1.607s] -- Configuring done
[1.652s] -- Generating done
[1.654s] -- Build files have been written to: /home/madhav/mrt_ws/build/aruco_interfaces
[1.677s] [  1%] [34m[1mGenerating C code for ROS interfaces[0m
[1.682s] [  3%] [34m[1mGenerating C++ code for ROS interfaces[0m
[1.698s] [  3%] Built target ament_cmake_python_copy_aruco_interfaces
[1.957s] running egg_info
[1.958s] writing aruco_interfaces.egg-info/PKG-INFO
[1.958s] writing dependency_links to aruco_interfaces.egg-info/dependency_links.txt
[1.959s] writing top-level names to aruco_interfaces.egg-info/top_level.txt
[1.961s] reading manifest file 'aruco_interfaces.egg-info/SOURCES.txt'
[1.961s] [  3%] Built target aruco_interfaces__cpp
[1.962s] writing manifest file 'aruco_interfaces.egg-info/SOURCES.txt'
[1.969s] [35m[1mConsolidate compiler generated dependencies of target aruco_interfaces__rosidl_generator_c[0m
[1.969s] [  5%] [34m[1mGenerating C++ type support dispatch for ROS interfaces[0m
[1.973s] [  9%] [34m[1mGenerating C++ introspection for ROS interfaces[0m
[1.973s] [  9%] [34m[1mGenerating C++ type support for eProsima Fast-RTPS[0m
[1.980s] [ 10%] [32mBuilding C object CMakeFiles/aruco_interfaces__rosidl_generator_c.dir/rosidl_generator_c/aruco_interfaces/msg/detail/float64__functions.c.o[0m
[1.983s] [ 16%] [32mBuilding C object CMakeFiles/aruco_interfaces__rosidl_generator_c.dir/rosidl_generator_c/aruco_interfaces/msg/detail/float64_multi_array__functions.c.o[0m
[1.983s] [ 16%] [32mBuilding C object CMakeFiles/aruco_interfaces__rosidl_generator_c.dir/rosidl_generator_c/aruco_interfaces/msg/detail/image__functions.c.o[0m
[1.983s] [ 16%] [32mBuilding C object CMakeFiles/aruco_interfaces__rosidl_generator_c.dir/rosidl_generator_c/aruco_interfaces/srv/detail/tagid__functions.c.o[0m
[1.998s] [ 16%] Built target ament_cmake_python_build_aruco_interfaces_egg
[2.000s] In file included from [01m[K/home/madhav/mrt_ws/build/aruco_interfaces/rosidl_generator_c/aruco_interfaces/msg/detail/float64_multi_array__functions.h:19[m[K,
[2.000s]                  from [01m[K/home/madhav/mrt_ws/build/aruco_interfaces/rosidl_generator_c/aruco_interfaces/msg/detail/float64_multi_array__functions.c:4[m[K:
[2.000s] [01m[K/home/madhav/mrt_ws/build/aruco_interfaces/rosidl_generator_c/aruco_interfaces/msg/detail/float64_multi_array__struct.h:22:10:[m[K [01;31m[Kfatal error: [m[Karuco_interfaces/msg/detail/multi_array_layout__struct.h: No such file or directory
[2.000s]    22 | #include [01;31m[K"aruco_interfaces/msg/detail/multi_array_layout__struct.h"[m[K
[2.000s]       |          [01;31m[K^~~~~~~~~~~~~~~~~~~~~~~~~~~~~~~~~~~~~~~~~~~~~~~~~~~~~~~~~~[m[K
[2.001s] compilation terminated.
[2.001s] In file included from [01m[K/home/madhav/mrt_ws/build/aruco_interfaces/rosidl_generator_c/aruco_interfaces/srv/detail/tagid__struct.h:45[m[K,
[2.001s]                  from [01m[K/home/madhav/mrt_ws/build/aruco_interfaces/rosidl_generator_c/aruco_interfaces/srv/detail/tagid__functions.h:19[m[K,
[2.001s]                  from [01m[K/home/madhav/mrt_ws/build/aruco_interfaces/rosidl_generator_c/aruco_interfaces/srv/detail/tagid__functions.c:4[m[K:
[2.001s] [01m[K/home/madhav/mrt_ws/build/aruco_interfaces/rosidl_generator_c/aruco_interfaces/msg/detail/float64_multi_array__struct.h:22:10:[m[K [01;31m[Kfatal error: [m[Karuco_interfaces/msg/detail/multi_array_layout__struct.h: No such file or directory
[2.001s]    22 | #include [01;31m[K"aruco_interfaces/msg/detail/multi_array_layout__struct.h"[m[K
[2.001s]       |          [01;31m[K^~~~~~~~~~~~~~~~~~~~~~~~~~~~~~~~~~~~~~~~~~~~~~~~~~~~~~~~~~[m[K
[2.001s] compilation terminated.
[2.001s] gmake[2]: *** [CMakeFiles/aruco_interfaces__rosidl_generator_c.dir/build.make:256: CMakeFiles/aruco_interfaces__rosidl_generator_c.dir/rosidl_generator_c/aruco_interfaces/msg/detail/float64_multi_array__functions.c.o] Error 1
[2.001s] gmake[2]: *** Waiting for unfinished jobs....
[2.002s] gmake[2]: *** [CMakeFiles/aruco_interfaces__rosidl_generator_c.dir/build.make:284: CMakeFiles/aruco_interfaces__rosidl_generator_c.dir/rosidl_generator_c/aruco_interfaces/srv/detail/tagid__functions.c.o] Error 1
[2.030s] gmake[1]: *** [CMakeFiles/Makefile2:213: CMakeFiles/aruco_interfaces__rosidl_generator_c.dir/all] Error 2
[2.030s] gmake[1]: *** Waiting for unfinished jobs....
[2.182s] [35m[1mConsolidate compiler generated dependencies of target aruco_interfaces__rosidl_typesupport_cpp[0m
[2.194s] [ 18%] [32mBuilding CXX object CMakeFiles/aruco_interfaces__rosidl_typesupport_cpp.dir/rosidl_typesupport_cpp/aruco_interfaces/msg/image__type_support.cpp.o[0m
[2.196s] [ 21%] [32mBuilding CXX object CMakeFiles/aruco_interfaces__rosidl_typesupport_cpp.dir/rosidl_typesupport_cpp/aruco_interfaces/msg/float64_multi_array__type_support.cpp.o[0m
[2.196s] [ 21%] [32mBuilding CXX object CMakeFiles/aruco_interfaces__rosidl_typesupport_cpp.dir/rosidl_typesupport_cpp/aruco_interfaces/msg/float64__type_support.cpp.o[0m
[2.196s] [ 23%] [32mBuilding CXX object CMakeFiles/aruco_interfaces__rosidl_typesupport_cpp.dir/rosidl_typesupport_cpp/aruco_interfaces/srv/tagid__type_support.cpp.o[0m
[2.220s] [35m[1mConsolidate compiler generated dependencies of target aruco_interfaces__rosidl_typesupport_introspection_cpp[0m
[2.233s] [ 25%] [32mBuilding CXX object CMakeFiles/aruco_interfaces__rosidl_typesupport_introspection_cpp.dir/rosidl_typesupport_introspection_cpp/aruco_interfaces/msg/detail/float64_multi_array__type_support.cpp.o[0m
[2.234s] [ 27%] [32mBuilding CXX object CMakeFiles/aruco_interfaces__rosidl_typesupport_introspection_cpp.dir/rosidl_typesupport_introspection_cpp/aruco_interfaces/msg/detail/float64__type_support.cpp.o[0m
[2.234s] [ 29%] [32mBuilding CXX object CMakeFiles/aruco_interfaces__rosidl_typesupport_introspection_cpp.dir/rosidl_typesupport_introspection_cpp/aruco_interfaces/msg/detail/image__type_support.cpp.o[0m
[2.235s] [ 30%] [32mBuilding CXX object CMakeFiles/aruco_interfaces__rosidl_typesupport_introspection_cpp.dir/rosidl_typesupport_introspection_cpp/aruco_interfaces/srv/detail/tagid__type_support.cpp.o[0m
[2.260s] In file included from [01m[K/home/madhav/mrt_ws/build/aruco_interfaces/rosidl_typesupport_cpp/aruco_interfaces/msg/float64_multi_array__type_support.cpp:7[m[K:
[2.260s] [01m[K/home/madhav/mrt_ws/build/aruco_interfaces/rosidl_generator_cpp/aruco_interfaces/msg/detail/float64_multi_array__struct.hpp:20:10:[m[K [01;31m[Kfatal error: [m[Karuco_interfaces/msg/detail/multi_array_layout__struct.hpp: No such file or directory
[2.260s]    20 | #include [01;31m[K"aruco_interfaces/msg/detail/multi_array_layout__struct.hpp"[m[K
[2.260s]       |          [01;31m[K^~~~~~~~~~~~~~~~~~~~~~~~~~~~~~~~~~~~~~~~~~~~~~~~~~~~~~~~~~~~[m[K
[2.260s] In file included from [01m[K/home/madhav/mrt_ws/build/aruco_interfaces/rosidl_generator_cpp/aruco_interfaces/srv/detail/tagid__struct.hpp:131[m[K,
[2.260s]                  from [01m[K/home/madhav/mrt_ws/build/aruco_interfaces/rosidl_typesupport_cpp/aruco_interfaces/srv/tagid__type_support.cpp:7[m[K:
[2.261s] [01m[K/home/madhav/mrt_ws/build/aruco_interfaces/rosidl_generator_cpp/aruco_interfaces/msg/detail/float64_multi_array__struct.hpp:20:10:[m[K [01;31m[Kfatal error: [m[Karuco_interfaces/msg/detail/multi_array_layout__struct.hpp: No such file or directory
[2.261s]    20 | #include [01;31m[K"aruco_interfaces/msg/detail/multi_array_layout__struct.hpp"[m[K
[2.261s]       |          [01;31m[K^~~~~~~~~~~~~~~~~~~~~~~~~~~~~~~~~~~~~~~~~~~~~~~~~~~~~~~~~~~~[m[K
[2.261s] compilation terminated.
[2.261s] compilation terminated.
[2.262s] gmake[2]: *** [CMakeFiles/aruco_interfaces__rosidl_typesupport_cpp.dir/build.make:201: CMakeFiles/aruco_interfaces__rosidl_typesupport_cpp.dir/rosidl_typesupport_cpp/aruco_interfaces/msg/float64_multi_array__type_support.cpp.o] Error 1
[2.262s] gmake[2]: *** Waiting for unfinished jobs....
[2.262s] gmake[2]: *** [CMakeFiles/aruco_interfaces__rosidl_typesupport_cpp.dir/build.make:229: CMakeFiles/aruco_interfaces__rosidl_typesupport_cpp.dir/rosidl_typesupport_cpp/aruco_interfaces/srv/tagid__type_support.cpp.o] Error 1
[2.302s] In file included from [01m[K/home/madhav/mrt_ws/build/aruco_interfaces/rosidl_typesupport_introspection_cpp/aruco_interfaces/msg/detail/float64_multi_array__type_support.cpp:12[m[K:
[2.302s] [01m[K/home/madhav/mrt_ws/build/aruco_interfaces/rosidl_generator_cpp/aruco_interfaces/msg/detail/float64_multi_array__struct.hpp:20:10:[m[K [01;31m[Kfatal error: [m[Karuco_interfaces/msg/detail/multi_array_layout__struct.hpp: No such file or directory
[2.302s]    20 | #include [01;31m[K"aruco_interfaces/msg/detail/multi_array_layout__struct.hpp"[m[K
[2.302s]       |          [01;31m[K^~~~~~~~~~~~~~~~~~~~~~~~~~~~~~~~~~~~~~~~~~~~~~~~~~~~~~~~~~~~[m[K
[2.303s] compilation terminated.
[2.304s] gmake[2]: *** [CMakeFiles/aruco_interfaces__rosidl_typesupport_introspection_cpp.dir/build.make:215: CMakeFiles/aruco_interfaces__rosidl_typesupport_introspection_cpp.dir/rosidl_typesupport_introspection_cpp/aruco_interfaces/msg/detail/float64_multi_array__type_support.cpp.o] Error 1
[2.304s] gmake[2]: *** Waiting for unfinished jobs....
[2.312s] In file included from [01m[K/home/madhav/mrt_ws/build/aruco_interfaces/rosidl_generator_cpp/aruco_interfaces/srv/detail/tagid__struct.hpp:131[m[K,
[2.312s]                  from [01m[K/home/madhav/mrt_ws/build/aruco_interfaces/rosidl_typesupport_introspection_cpp/aruco_interfaces/srv/detail/tagid__type_support.cpp:12[m[K:
[2.312s] [01m[K/home/madhav/mrt_ws/build/aruco_interfaces/rosidl_generator_cpp/aruco_interfaces/msg/detail/float64_multi_array__struct.hpp:20:10:[m[K [01;31m[Kfatal error: [m[Karuco_interfaces/msg/detail/multi_array_layout__struct.hpp: No such file or directory
[2.312s]    20 | #include [01;31m[K"aruco_interfaces/msg/detail/multi_array_layout__struct.hpp"[m[K
[2.312s]       |          [01;31m[K^~~~~~~~~~~~~~~~~~~~~~~~~~~~~~~~~~~~~~~~~~~~~~~~~~~~~~~~~~~~[m[K
[2.312s] compilation terminated.
[2.313s] gmake[2]: *** [CMakeFiles/aruco_interfaces__rosidl_typesupport_introspection_cpp.dir/build.make:243: CMakeFiles/aruco_interfaces__rosidl_typesupport_introspection_cpp.dir/rosidl_typesupport_introspection_cpp/aruco_interfaces/srv/detail/tagid__type_support.cpp.o] Error 1
[2.398s] [35m[1mConsolidate compiler generated dependencies of target aruco_interfaces__rosidl_typesupport_fastrtps_cpp[0m
[2.413s] [ 32%] [32mBuilding CXX object CMakeFiles/aruco_interfaces__rosidl_typesupport_fastrtps_cpp.dir/rosidl_typesupport_fastrtps_cpp/aruco_interfaces/msg/detail/dds_fastrtps/image__type_support.cpp.o[0m
[2.415s] [ 36%] [32mBuilding CXX object CMakeFiles/aruco_interfaces__rosidl_typesupport_fastrtps_cpp.dir/rosidl_typesupport_fastrtps_cpp/aruco_interfaces/msg/detail/dds_fastrtps/float64__type_support.cpp.o[0m
[2.415s] [ 36%] [32mBuilding CXX object CMakeFiles/aruco_interfaces__rosidl_typesupport_fastrtps_cpp.dir/rosidl_typesupport_fastrtps_cpp/aruco_interfaces/msg/detail/dds_fastrtps/float64_multi_array__type_support.cpp.o[0m
[2.415s] [ 38%] [32mBuilding CXX object CMakeFiles/aruco_interfaces__rosidl_typesupport_fastrtps_cpp.dir/rosidl_typesupport_fastrtps_cpp/aruco_interfaces/srv/detail/dds_fastrtps/tagid__type_support.cpp.o[0m
[2.478s] In file included from [01m[K/home/madhav/mrt_ws/build/aruco_interfaces/rosidl_typesupport_fastrtps_cpp/aruco_interfaces/msg/detail/float64_multi_array__rosidl_typesupport_fastrtps_cpp.hpp:11[m[K,
[2.478s]                  from [01m[K/home/madhav/mrt_ws/build/aruco_interfaces/rosidl_typesupport_fastrtps_cpp/aruco_interfaces/msg/detail/dds_fastrtps/float64_multi_array__type_support.cpp:4[m[K:
[2.479s] [01m[K/home/madhav/mrt_ws/build/aruco_interfaces/rosidl_generator_cpp/aruco_interfaces/msg/detail/float64_multi_array__struct.hpp:20:10:[m[K [01;31m[Kfatal error: [m[Karuco_interfaces/msg/detail/multi_array_layout__struct.hpp: No such file or directory
[2.479s]    20 | #include [01;31m[K"aruco_interfaces/msg/detail/multi_array_layout__struct.hpp"[m[K
[2.479s]       |          [01;31m[K^~~~~~~~~~~~~~~~~~~~~~~~~~~~~~~~~~~~~~~~~~~~~~~~~~~~~~~~~~~~[m[K
[2.479s] compilation terminated.
[2.479s] In file included from [01m[K/home/madhav/mrt_ws/build/aruco_interfaces/rosidl_generator_cpp/aruco_interfaces/srv/detail/tagid__struct.hpp:131[m[K,
[2.479s]                  from [01m[K/home/madhav/mrt_ws/build/aruco_interfaces/rosidl_typesupport_fastrtps_cpp/aruco_interfaces/srv/detail/tagid__rosidl_typesupport_fastrtps_cpp.hpp:11[m[K,
[2.480s]                  from [01m[K/home/madhav/mrt_ws/build/aruco_interfaces/rosidl_typesupport_fastrtps_cpp/aruco_interfaces/srv/detail/dds_fastrtps/tagid__type_support.cpp:4[m[K:
[2.480s] [01m[K/home/madhav/mrt_ws/build/aruco_interfaces/rosidl_generator_cpp/aruco_interfaces/msg/detail/float64_multi_array__struct.hpp:20:10:[m[K [01;31m[Kfatal error: [m[Karuco_interfaces/msg/detail/multi_array_layout__struct.hpp: No such file or directory
[2.480s]    20 | #include [01;31m[K"aruco_interfaces/msg/detail/multi_array_layout__struct.hpp"[m[K
[2.480s]       |          [01;31m[K^~~~~~~~~~~~~~~~~~~~~~~~~~~~~~~~~~~~~~~~~~~~~~~~~~~~~~~~~~~~[m[K
[2.480s] compilation terminated.
[2.480s] gmake[2]: *** [CMakeFiles/aruco_interfaces__rosidl_typesupport_fastrtps_cpp.dir/build.make:215: CMakeFiles/aruco_interfaces__rosidl_typesupport_fastrtps_cpp.dir/rosidl_typesupport_fastrtps_cpp/aruco_interfaces/msg/detail/dds_fastrtps/float64_multi_array__type_support.cpp.o] Error 1
[2.480s] gmake[2]: *** Waiting for unfinished jobs....
[2.480s] gmake[2]: *** [CMakeFiles/aruco_interfaces__rosidl_typesupport_fastrtps_cpp.dir/build.make:243: CMakeFiles/aruco_interfaces__rosidl_typesupport_fastrtps_cpp.dir/rosidl_typesupport_fastrtps_cpp/aruco_interfaces/srv/detail/dds_fastrtps/tagid__type_support.cpp.o] Error 1
[2.508s] gmake[1]: *** [CMakeFiles/Makefile2:395: CMakeFiles/aruco_interfaces__rosidl_typesupport_cpp.dir/all] Error 2
[2.579s] gmake[1]: *** [CMakeFiles/Makefile2:369: CMakeFiles/aruco_interfaces__rosidl_typesupport_introspection_cpp.dir/all] Error 2
[2.721s] gmake[1]: *** [CMakeFiles/Makefile2:343: CMakeFiles/aruco_interfaces__rosidl_typesupport_fastrtps_cpp.dir/all] Error 2
[2.722s] gmake: *** [Makefile:146: all] Error 2
[2.723s] Invoked command in '/home/madhav/mrt_ws/build/aruco_interfaces' returned '2': CMAKE_PREFIX_PATH=${CMAKE_PREFIX_PATH}:/home/madhav/mrt_ws/install/madhav_agrawal_assn_2:/home/madhav/mrt_ws/install/imgprocess:/home/madhav/mrt_ws/install/imgpprocess:/home/madhav/erc_ws/install/week1_tutorials:/home/madhav/erc_ws/install/week0_tutorials:/home/madhav/erc_ws/install/sherlock:/opt/ros/humble /usr/bin/cmake --build /home/madhav/mrt_ws/build/aruco_interfaces -- -j12 -l12
